<?xml version="1.0" encoding="UTF-8"?>
<!-- Generated by org.testng.reporters.JUnitReportReporter -->
<testsuite hostname="LAP-2123" failures="0" tests="9" name="com.qa.api.goRest.testCases.PostApiTests" time="4.840" errors="0" timestamp="2022-06-12T09:09:09 IST" skipped="0">
  <testcase classname="com.qa.api.goRest.testCases.PostApiTests" name="post_User_Test_with_ExcelData" time="0.114"/>
  <system-out/>
  <testcase classname="com.qa.api.goRest.testCases.PostApiTests" name="post_User_Test_with_ExcelData" time="0.114"/>
  <system-out/>
  <testcase classname="com.qa.api.goRest.testCases.PostApiTests" name="post_User_Test_with_ExcelData" time="0.126"/>
  <system-out/>
  <testcase classname="com.qa.api.goRest.testCases.PostApiTests" name="post_User_Test_with_ExcelData" time="0.108"/>
  <system-out/>
  <testcase classname="com.qa.api.goRest.testCases.PostApiTests" name="post_User_Test_with_ExcelData" time="0.132"/>
  <system-out/>
  <testcase classname="com.qa.api.goRest.testCases.PostApiTests" name="post_User_Test_with_ExcelData" time="0.115"/>
  <system-out/>
  <testcase classname="com.qa.api.goRest.testCases.PostApiTests" name="post_User_Test" time="3.894"/>
  <system-out/>
  <testcase classname="com.qa.api.goRest.testCases.PostApiTests" name="post_User_Test_with_ExcelData" time="0.122"/>
  <system-out/>
  <testcase classname="com.qa.api.goRest.testCases.PostApiTests" name="post_User_Test_with_ExcelData" time="0.115"/>
  <system-out/>
</testsuite> <!-- com.qa.api.goRest.testCases.PostApiTests -->
