<?xml version="1.0" encoding="UTF-8"?>
<!-- Generated by org.testng.reporters.JUnitReportReporter -->
<testsuite hostname="LAP-2123" failures="0" tests="2" name="com.qa.api.goRest.testCases.GetApiTests" time="1.466" errors="0" timestamp="2022-06-11T08:04:05 IST" skipped="0">
  <testcase classname="com.qa.api.goRest.testCases.GetApiTests" name="get_All_User_Test" time="1.322"/>
  <system-out/>
  <testcase classname="com.qa.api.goRest.testCases.GetApiTests" name="get_Specific_User_Test" time="0.144"/>
  <system-out/>
</testsuite> <!-- com.qa.api.goRest.testCases.GetApiTests -->
