<?xml version="1.0" encoding="UTF-8"?>
<!-- Generated by org.testng.reporters.JUnitReportReporter -->
<testsuite hostname="LAP-2123" failures="0" tests="1" name="com.qa.api.dunzo.test.Post_Api_Test" time="2.132" errors="0" timestamp="2022-06-14T12:38:12 IST" skipped="0">
  <testcase classname="com.qa.api.dunzo.test.Post_Api_Test" name="post_User_Test" time="2.132"/>
  <system-out/>
</testsuite> <!-- com.qa.api.dunzo.test.Post_Api_Test -->
