<?xml version="1.0" encoding="UTF-8"?>
<!-- Generated by org.testng.reporters.JUnitReportReporter -->
<testsuite hostname="LAP-2123" failures="0" tests="1" name="com.qa.api.goRest.testCases.Get_Impur_Api_Tests" time="4.276" errors="0" timestamp="2022-06-12T10:01:20 IST" skipped="0">
  <testcase classname="com.qa.api.goRest.testCases.Get_Impur_Api_Tests" name="get_Account_Blocks" time="4.276"/>
  <system-out/>
</testsuite> <!-- com.qa.api.goRest.testCases.Get_Impur_Api_Tests -->
