<?xml version="1.0" encoding="UTF-8"?>
<!-- Generated by org.testng.reporters.JUnitReportReporter -->
<testsuite hostname="LAP-2123" failures="0" tests="1" name="com.qa.api.goRest.util.Token" time="2.481" errors="0" timestamp="2022-06-12T08:31:19 IST" skipped="0">
  <testcase classname="com.qa.api.goRest.util.Token" name="get_Access_Token" time="2.481"/>
  <system-out/>
</testsuite> <!-- com.qa.api.goRest.util.Token -->
